<?xml version="1.0" encoding="UTF-8"?>
<!-- Generated by org.testng.reporters.JUnitXMLReporter -->
<testsuite hostname="DESKTOP-FBK5PRP" ignored="0" name="kbc_test" tests="4" failures="0" timestamp="2019-11-06T13:16:34 GMT" time="15.538" errors="0">
  <testcase name="doesPriceMatch" time="0.143" classname="tests.KBCTest"/>
  <testcase name="doesPriceNotMatch" time="0.031" classname="tests.KBCTest"/>
  <testcase name="isLeftPanelListIncluded" time="0.09" classname="tests.KBCTest"/>
  <testcase name="isCopywrightFooterPresent" time="0.223" classname="tests.KBCTest"/>
</testsuite> <!-- kbc_test -->
