<?xml version="1.0" encoding="UTF-8"?>
<!-- Generated by org.testng.reporters.JUnitXMLReporter -->
<testsuite hostname="DESKTOP-FBK5PRP" ignored="0" name="Command line test" tests="1" failures="1" timestamp="05 Nov 2019 15:57:56 GMT" time="18.237" errors="0">
  <testcase name="Test" time="10.003" classname="tests.KBCTest">
    <failure type="java.lang.NullPointerException">
      <![CDATA[java.lang.NullPointerException
	at tests.KBCTest.Test(KBCTest.java:39)
... Removed 34 stack frames]]>
    </failure>
  </testcase> <!-- Test -->
</testsuite> <!-- Command line test -->
