-------------------------------------------------------------------------------
Test set: tests.KBCTest
-------------------------------------------------------------------------------
Tests run: 1, Failures: 1, Errors: 0, Skipped: 0, Time elapsed: 18.691 sec <<< FAILURE!
Test(tests.KBCTest)  Time elapsed: 10.005 sec  <<< FAILURE!
java.lang.NullPointerException
	at tests.KBCTest.Test(KBCTest.java:39)

