<?xml version="1.0" encoding="UTF-8" ?>
<testsuite tests="1" failures="1" name="tests.KBCTest" time="10.005" errors="0" skipped="0">
  <properties>
[...]
</properties>
  <testcase classname="tests.KBCTest" name="Test" time="10.005">
    <failure type="java.lang.NullPointerException">java.lang.NullPointerException
	at tests.KBCTest.Test(KBCTest.java:39)
</failure>
    <system-out>Configuring TestNG with: org.apache.maven.surefire.testng.conf.TestNG652Configurator@7e774085
path--&gt;C:\Users\dell\Desktop\Selenium Java\programming.test
</system-out>
    <system-err>Starting ChromeDriver 77.0.3865.40 (f484704e052e0b556f8030b65b953dce96503217-refs/branch-heads/3865@{#442}) on port 44131
Only local connections are allowed.
Please protect ports used by ChromeDriver and related test frameworks to prevent access by malicious code.
[1572969459.935][WARNING]: This version of ChromeDriver has not been tested with Chrome version 78.
Nov 05, 2019 3:57:40 PM org.openqa.selenium.remote.ProtocolHandshake createSession
INFO: Detected dialect: W3C
</system-err>
  </testcase>
</testsuite>