<?xml version="1.0" encoding="UTF-8"?>
<testng-results skipped="0" failed="0" ignored="0" total="4" passed="4">
  <reporter-output>
  </reporter-output>
  <suite name="KBCTest" duration-ms="15538" started-at="2019-11-06T13:16:19 GMT" finished-at="2019-11-06T13:16:34 GMT">
    <groups>
    </groups>
    <test name="kbc_test" duration-ms="15538" started-at="2019-11-06T13:16:19 GMT" finished-at="2019-11-06T13:16:34 GMT">
      <class name="tests.KBCTest">
        <test-method status="PASS" signature="beforeClass()[pri:0, instance:tests.KBCTest@47ef968d]" name="beforeClass" is-config="true" duration-ms="11366" started-at="2019-11-06T13:16:07 GMT" finished-at="2019-11-06T13:16:19 GMT">
          <reporter-output>
          </reporter-output>
        </test-method> <!-- beforeClass -->
        <test-method status="PASS" signature="BeforeTest()[pri:0, instance:tests.KBCTest@47ef968d]" name="BeforeTest" is-config="true" duration-ms="14989" started-at="2019-11-06T13:16:19 GMT" finished-at="2019-11-06T13:16:34 GMT">
          <reporter-output>
          </reporter-output>
        </test-method> <!-- BeforeTest -->
        <test-method status="PASS" signature="doesPriceMatch()[pri:1, instance:tests.KBCTest@47ef968d]" name="doesPriceMatch" duration-ms="143" started-at="2019-11-06T13:16:34 GMT" finished-at="2019-11-06T13:16:34 GMT">
          <reporter-output>
          </reporter-output>
        </test-method> <!-- doesPriceMatch -->
        <test-method status="PASS" signature="doesPriceNotMatch()[pri:2, instance:tests.KBCTest@47ef968d]" name="doesPriceNotMatch" duration-ms="31" started-at="2019-11-06T13:16:34 GMT" finished-at="2019-11-06T13:16:34 GMT">
          <reporter-output>
          </reporter-output>
        </test-method> <!-- doesPriceNotMatch -->
        <test-method status="PASS" signature="isLeftPanelListIncluded()[pri:3, instance:tests.KBCTest@47ef968d]" name="isLeftPanelListIncluded" duration-ms="90" started-at="2019-11-06T13:16:34 GMT" finished-at="2019-11-06T13:16:34 GMT">
          <reporter-output>
          </reporter-output>
        </test-method> <!-- isLeftPanelListIncluded -->
        <test-method status="PASS" signature="isCopywrightFooterPresent()[pri:4, instance:tests.KBCTest@47ef968d]" name="isCopywrightFooterPresent" duration-ms="223" started-at="2019-11-06T13:16:34 GMT" finished-at="2019-11-06T13:16:34 GMT">
          <reporter-output>
          </reporter-output>
        </test-method> <!-- isCopywrightFooterPresent -->
        <test-method status="PASS" signature="afterSuite()[pri:0, instance:tests.KBCTest@47ef968d]" name="afterSuite" is-config="true" duration-ms="781" started-at="2019-11-06T13:16:34 GMT" finished-at="2019-11-06T13:16:35 GMT">
          <reporter-output>
          </reporter-output>
        </test-method> <!-- afterSuite -->
      </class> <!-- tests.KBCTest -->
    </test> <!-- kbc_test -->
  </suite> <!-- KBCTest -->
</testng-results>
